make --dry-run --keep-going --print-directory
make: Entering directory '/home/linkachu/linuxProgrammingInterface/tlpi-dist'
echo lib acl altio cap cgroups daemons dirs_links filebuff fileio filelock files filesys getopt inotify loginacct memalloc mmap pgsjc pipes pmsg proc proccred procexec procpri procres progconc psem pshm pty shlibs signals sockets svipc svmsg svsem svshm sysinfo syslim threads time timers tty users_groups vdso vmem xattr
for dir in lib acl altio cap cgroups daemons dirs_links filebuff fileio filelock files filesys getopt inotify loginacct memalloc mmap pgsjc pipes pmsg proc proccred procexec procpri procres progconc psem pshm pty shlibs signals sockets svipc svmsg svsem svshm sysinfo syslim threads time timers tty users_groups vdso vmem xattr; do (cd ${dir}; make) ; \
	if test $? -ne 0; then break; fi; done
 
make[1]: Entering directory '/home/linkachu/linuxProgrammingInterface/tlpi-dist/lib'
make[1]: Nothing to be done for 'all'.
make[1]: Leaving directory '/home/linkachu/linuxProgrammingInterface/tlpi-dist/lib'
 
make[1]: Entering directory '/home/linkachu/linuxProgrammingInterface/tlpi-dist/acl'
make[1]: Nothing to be done for 'all'.
make[1]: Leaving directory '/home/linkachu/linuxProgrammingInterface/tlpi-dist/acl'
 
make[1]: Entering directory '/home/linkachu/linuxProgrammingInterface/tlpi-dist/altio'
make[1]: Nothing to be done for 'all'.
make[1]: Leaving directory '/home/linkachu/linuxProgrammingInterface/tlpi-dist/altio'
 
make[1]: Entering directory '/home/linkachu/linuxProgrammingInterface/tlpi-dist/cap'
make[1]: Nothing to be done for 'all'.
make[1]: Leaving directory '/home/linkachu/linuxProgrammingInterface/tlpi-dist/cap'
 
make[1]: Entering directory '/home/linkachu/linuxProgrammingInterface/tlpi-dist/cgroups'
make[1]: Nothing to be done for 'all'.
make[1]: Leaving directory '/home/linkachu/linuxProgrammingInterface/tlpi-dist/cgroups'
 
make[1]: Entering directory '/home/linkachu/linuxProgrammingInterface/tlpi-dist/daemons'
make[1]: Nothing to be done for 'all'.
make[1]: Leaving directory '/home/linkachu/linuxProgrammingInterface/tlpi-dist/daemons'
 
make[1]: Entering directory '/home/linkachu/linuxProgrammingInterface/tlpi-dist/dirs_links'
make[1]: Nothing to be done for 'all'.
make[1]: Leaving directory '/home/linkachu/linuxProgrammingInterface/tlpi-dist/dirs_links'
 
make[1]: Entering directory '/home/linkachu/linuxProgrammingInterface/tlpi-dist/filebuff'
make[1]: Nothing to be done for 'all'.
make[1]: Leaving directory '/home/linkachu/linuxProgrammingInterface/tlpi-dist/filebuff'
 
make[1]: Entering directory '/home/linkachu/linuxProgrammingInterface/tlpi-dist/fileio'
cc -std=c99 -D_XOPEN_SOURCE=600 -D_DEFAULT_SOURCE -g -I../lib -pedantic -Wall -W -Wmissing-prototypes -Wno-sign-compare -Wimplicit-fallthrough -Wno-unused-parameter    seek_io.c ../libtlpi.a   -o seek_io
 
make[1]: Leaving directory '/home/linkachu/linuxProgrammingInterface/tlpi-dist/fileio'
 
make[1]: Entering directory '/home/linkachu/linuxProgrammingInterface/tlpi-dist/filelock'
make[1]: Nothing to be done for 'all'.
make[1]: Leaving directory '/home/linkachu/linuxProgrammingInterface/tlpi-dist/filelock'
 
make[1]: Entering directory '/home/linkachu/linuxProgrammingInterface/tlpi-dist/files'
make[1]: Nothing to be done for 'all'.
make[1]: Leaving directory '/home/linkachu/linuxProgrammingInterface/tlpi-dist/files'
 
make[1]: Entering directory '/home/linkachu/linuxProgrammingInterface/tlpi-dist/filesys'
make[1]: Nothing to be done for 'all'.
make[1]: Leaving directory '/home/linkachu/linuxProgrammingInterface/tlpi-dist/filesys'
 
make[1]: Entering directory '/home/linkachu/linuxProgrammingInterface/tlpi-dist/getopt'
make[1]: Nothing to be done for 'all'.
make[1]: Leaving directory '/home/linkachu/linuxProgrammingInterface/tlpi-dist/getopt'
 
make[1]: Entering directory '/home/linkachu/linuxProgrammingInterface/tlpi-dist/inotify'
make[1]: Nothing to be done for 'all'.
make[1]: Leaving directory '/home/linkachu/linuxProgrammingInterface/tlpi-dist/inotify'
 
make[1]: Entering directory '/home/linkachu/linuxProgrammingInterface/tlpi-dist/loginacct'
make[1]: Nothing to be done for 'all'.
make[1]: Leaving directory '/home/linkachu/linuxProgrammingInterface/tlpi-dist/loginacct'
 
make[1]: Entering directory '/home/linkachu/linuxProgrammingInterface/tlpi-dist/memalloc'
make[1]: Nothing to be done for 'all'.
make[1]: Leaving directory '/home/linkachu/linuxProgrammingInterface/tlpi-dist/memalloc'
 
make[1]: Entering directory '/home/linkachu/linuxProgrammingInterface/tlpi-dist/mmap'
make[1]: Nothing to be done for 'all'.
make[1]: Leaving directory '/home/linkachu/linuxProgrammingInterface/tlpi-dist/mmap'
 
make[1]: Entering directory '/home/linkachu/linuxProgrammingInterface/tlpi-dist/pgsjc'
make[1]: Nothing to be done for 'all'.
make[1]: Leaving directory '/home/linkachu/linuxProgrammingInterface/tlpi-dist/pgsjc'
 
make[1]: Entering directory '/home/linkachu/linuxProgrammingInterface/tlpi-dist/pipes'
make[1]: Nothing to be done for 'all'.
make[1]: Leaving directory '/home/linkachu/linuxProgrammingInterface/tlpi-dist/pipes'
 
make[1]: Entering directory '/home/linkachu/linuxProgrammingInterface/tlpi-dist/pmsg'
make[1]: Nothing to be done for 'all'.
make[1]: Leaving directory '/home/linkachu/linuxProgrammingInterface/tlpi-dist/pmsg'
 
make[1]: Entering directory '/home/linkachu/linuxProgrammingInterface/tlpi-dist/proc'
make[1]: Nothing to be done for 'all'.
make[1]: Leaving directory '/home/linkachu/linuxProgrammingInterface/tlpi-dist/proc'
 
make[1]: Entering directory '/home/linkachu/linuxProgrammingInterface/tlpi-dist/proccred'
make[1]: Nothing to be done for 'all'.
make[1]: Leaving directory '/home/linkachu/linuxProgrammingInterface/tlpi-dist/proccred'
 
make[1]: Entering directory '/home/linkachu/linuxProgrammingInterface/tlpi-dist/procexec'
make[1]: Nothing to be done for 'all'.
make[1]: Leaving directory '/home/linkachu/linuxProgrammingInterface/tlpi-dist/procexec'
 
make[1]: Entering directory '/home/linkachu/linuxProgrammingInterface/tlpi-dist/procpri'
make[1]: Nothing to be done for 'all'.
make[1]: Leaving directory '/home/linkachu/linuxProgrammingInterface/tlpi-dist/procpri'
 
make[1]: Entering directory '/home/linkachu/linuxProgrammingInterface/tlpi-dist/procres'
make[1]: Nothing to be done for 'all'.
make[1]: Leaving directory '/home/linkachu/linuxProgrammingInterface/tlpi-dist/procres'
 
make[1]: Entering directory '/home/linkachu/linuxProgrammingInterface/tlpi-dist/progconc'
make[1]: Nothing to be done for 'all'.
make[1]: Leaving directory '/home/linkachu/linuxProgrammingInterface/tlpi-dist/progconc'
 
make[1]: Entering directory '/home/linkachu/linuxProgrammingInterface/tlpi-dist/psem'
make[1]: Nothing to be done for 'all'.
make[1]: Leaving directory '/home/linkachu/linuxProgrammingInterface/tlpi-dist/psem'
 
make[1]: Entering directory '/home/linkachu/linuxProgrammingInterface/tlpi-dist/pshm'
make[1]: Nothing to be done for 'all'.
make[1]: Leaving directory '/home/linkachu/linuxProgrammingInterface/tlpi-dist/pshm'
 
make[1]: Entering directory '/home/linkachu/linuxProgrammingInterface/tlpi-dist/pty'
make[1]: Nothing to be done for 'all'.
make[1]: Leaving directory '/home/linkachu/linuxProgrammingInterface/tlpi-dist/pty'
 
make[1]: Entering directory '/home/linkachu/linuxProgrammingInterface/tlpi-dist/shlibs'
make[1]: Nothing to be done for 'all'.
make[1]: Leaving directory '/home/linkachu/linuxProgrammingInterface/tlpi-dist/shlibs'
 
make[1]: Entering directory '/home/linkachu/linuxProgrammingInterface/tlpi-dist/signals'
make[1]: Nothing to be done for 'all'.
make[1]: Leaving directory '/home/linkachu/linuxProgrammingInterface/tlpi-dist/signals'
 
make[1]: Entering directory '/home/linkachu/linuxProgrammingInterface/tlpi-dist/sockets'
make[1]: Nothing to be done for 'all'.
make[1]: Leaving directory '/home/linkachu/linuxProgrammingInterface/tlpi-dist/sockets'
 
make[1]: Entering directory '/home/linkachu/linuxProgrammingInterface/tlpi-dist/svipc'
make[1]: Nothing to be done for 'all'.
make[1]: Leaving directory '/home/linkachu/linuxProgrammingInterface/tlpi-dist/svipc'
 
make[1]: Entering directory '/home/linkachu/linuxProgrammingInterface/tlpi-dist/svmsg'
make[1]: Nothing to be done for 'all'.
make[1]: Leaving directory '/home/linkachu/linuxProgrammingInterface/tlpi-dist/svmsg'
 
make[1]: Entering directory '/home/linkachu/linuxProgrammingInterface/tlpi-dist/svsem'
make[1]: Nothing to be done for 'all'.
make[1]: Leaving directory '/home/linkachu/linuxProgrammingInterface/tlpi-dist/svsem'
 
make[1]: Entering directory '/home/linkachu/linuxProgrammingInterface/tlpi-dist/svshm'
make[1]: Nothing to be done for 'all'.
make[1]: Leaving directory '/home/linkachu/linuxProgrammingInterface/tlpi-dist/svshm'
 
make[1]: Entering directory '/home/linkachu/linuxProgrammingInterface/tlpi-dist/sysinfo'
make[1]: Nothing to be done for 'all'.
make[1]: Leaving directory '/home/linkachu/linuxProgrammingInterface/tlpi-dist/sysinfo'
 
make[1]: Entering directory '/home/linkachu/linuxProgrammingInterface/tlpi-dist/syslim'
make[1]: Nothing to be done for 'all'.
make[1]: Leaving directory '/home/linkachu/linuxProgrammingInterface/tlpi-dist/syslim'
 
make[1]: Entering directory '/home/linkachu/linuxProgrammingInterface/tlpi-dist/threads'
make[1]: Nothing to be done for 'all'.
make[1]: Leaving directory '/home/linkachu/linuxProgrammingInterface/tlpi-dist/threads'
 
make[1]: Entering directory '/home/linkachu/linuxProgrammingInterface/tlpi-dist/time'
make[1]: Nothing to be done for 'all'.
make[1]: Leaving directory '/home/linkachu/linuxProgrammingInterface/tlpi-dist/time'
 
make[1]: Entering directory '/home/linkachu/linuxProgrammingInterface/tlpi-dist/timers'
make[1]: Nothing to be done for 'all'.
make[1]: Leaving directory '/home/linkachu/linuxProgrammingInterface/tlpi-dist/timers'
 
make[1]: Entering directory '/home/linkachu/linuxProgrammingInterface/tlpi-dist/tty'
make[1]: Nothing to be done for 'all'.
make[1]: Leaving directory '/home/linkachu/linuxProgrammingInterface/tlpi-dist/tty'
 
make[1]: Entering directory '/home/linkachu/linuxProgrammingInterface/tlpi-dist/users_groups'
make[1]: Nothing to be done for 'all'.
make[1]: Leaving directory '/home/linkachu/linuxProgrammingInterface/tlpi-dist/users_groups'
 
make[1]: Entering directory '/home/linkachu/linuxProgrammingInterface/tlpi-dist/vdso'
make[1]: Nothing to be done for 'all'.
make[1]: Leaving directory '/home/linkachu/linuxProgrammingInterface/tlpi-dist/vdso'
 
make[1]: Entering directory '/home/linkachu/linuxProgrammingInterface/tlpi-dist/vmem'
make[1]: Nothing to be done for 'all'.
make[1]: Leaving directory '/home/linkachu/linuxProgrammingInterface/tlpi-dist/vmem'
 
make[1]: Entering directory '/home/linkachu/linuxProgrammingInterface/tlpi-dist/xattr'
make[1]: Nothing to be done for 'all'.
make[1]: Leaving directory '/home/linkachu/linuxProgrammingInterface/tlpi-dist/xattr'
 
make: Leaving directory '/home/linkachu/linuxProgrammingInterface/tlpi-dist'
 
